<?xml version="1.0" encoding="UTF-8"?>
<testsuite xmlns:xsi="http://www.w3.org/2001/XMLSchema-instance" xsi:noNamespaceSchemaLocation="https://maven.apache.org/surefire/maven-surefire-plugin/xsd/surefire-test-report.xsd" name="com.github.vitalliuss.helloci.AppTest" time="0.467" tests="16" errors="0" skipped="0" failures="4">
  <properties>
[...]
</properties>
  <testcase name="whenGetLnThenReturnLnOfParameter" classname="com.github.vitalliuss.helloci.AppTest" time="0.018"/>
  <testcase name="whenGetProductThenReturnProductOTwoParameters" classname="com.github.vitalliuss.helloci.AppTest" time="0"/>
  <testcase name="whenGetQuotientThenThrowException" classname="com.github.vitalliuss.helloci.AppTest" time="0"/>
  <testcase name="whenGetTanThenReturnTanOfParameter" classname="com.github.vitalliuss.helloci.AppTest" time="0.007"/>
  <testcase name="whenGetArcsinThenReturnArcsinOfParameter" classname="com.github.vitalliuss.helloci.AppTest" time="0.167"/>
  <testcase name="whenGetCosThenReturnCosOfParameter" classname="com.github.vitalliuss.helloci.AppTest" time="0.017">
    <failure message="expected:&lt;0.0&gt; but was:&lt;-0.4480736161291701&gt;" type="java.lang.AssertionError"><![CDATA[java.lang.AssertionError: expected:<0.0> but was:<-0.4480736161291701>
	at com.github.vitalliuss.helloci.AppTest.whenGetCosThenReturnCosOfParameter(AppTest.java:66)
]]></failure>
  </testcase>
  <testcase name="whenGetDifferenceThenReturnDifferenceOTwoParameters" classname="com.github.vitalliuss.helloci.AppTest" time="0"/>
  <testcase name="whenGetRemainderThenReturnRemainderOTwoParameters" classname="com.github.vitalliuss.helloci.AppTest" time="0"/>
  <testcase name="whenGetArctanThenReturnArctanOfParameter" classname="com.github.vitalliuss.helloci.AppTest" time="0.001"/>
  <testcase name="whenGetCtgThenReturnCtgOfParameter" classname="com.github.vitalliuss.helloci.AppTest" time="0.002">
    <failure message="expected:&lt;0.0&gt; but was:&lt;-0.5012027833801532&gt;" type="java.lang.AssertionError"><![CDATA[java.lang.AssertionError: expected:<0.0> but was:<-0.5012027833801532>
	at com.github.vitalliuss.helloci.AppTest.whenGetCtgThenReturnCtgOfParameter(AppTest.java:72)
]]></failure>
  </testcase>
  <testcase name="whenGetQuotientThenReturnQuotientOTwoParameters" classname="com.github.vitalliuss.helloci.AppTest" time="0"/>
  <testcase name="whenGetArccosThenReturnArccosOfParameter" classname="com.github.vitalliuss.helloci.AppTest" time="0"/>
  <testcase name="whenGetSinThenReturnSinOfParameter" classname="com.github.vitalliuss.helloci.AppTest" time="0.003">
    <failure message="expected:&lt;1.0&gt; but was:&lt;0.8939966636005579&gt;" type="java.lang.AssertionError"><![CDATA[java.lang.AssertionError: expected:<1.0> but was:<0.8939966636005579>
	at com.github.vitalliuss.helloci.AppTest.whenGetSinThenReturnSinOfParameter(AppTest.java:60)
]]></failure>
  </testcase>
  <testcase name="whenGetLogThenReturnLogOfParameter" classname="com.github.vitalliuss.helloci.AppTest" time="0.006"/>
  <testcase name="whenGetAmountThenReturnAmountOTwoParameters" classname="com.github.vitalliuss.helloci.AppTest" time="0"/>
  <testcase name="whenGetArccotanThenReturnArccotanOfParameter" classname="com.github.vitalliuss.helloci.AppTest" time="0.007">
    <failure message="expected:&lt;0.7853981633974483&gt; but was:&lt;1.2732395447351628&gt;" type="java.lang.AssertionError"><![CDATA[java.lang.AssertionError: expected:<0.7853981633974483> but was:<1.2732395447351628>
	at com.github.vitalliuss.helloci.AppTest.whenGetArccotanThenReturnArccotanOfParameter(AppTest.java:96)
]]></failure>
  </testcase>
</testsuite>