<?xml version="1.0" encoding="UTF-8"?>
<testsuite xmlns:xsi="http://www.w3.org/2001/XMLSchema-instance" xsi:noNamespaceSchemaLocation="https://maven.apache.org/surefire/maven-surefire-plugin/xsd/surefire-test-report.xsd" name="com.github.vitalliuss.helloci.AppTest" time="0.19" tests="5" errors="0" skipped="0" failures="0">
  <properties>
[...]
</properties>
  <testcase name="whenGetProductThenReturnProductOTwoParameters" classname="com.github.vitalliuss.helloci.AppTest" time="0.01"/>
  <testcase name="whenGetDifferenceThenReturnDifferenceOTwoParameters" classname="com.github.vitalliuss.helloci.AppTest" time="0"/>
  <testcase name="whenGetRemainderThenReturnRemainderOTwoParameters" classname="com.github.vitalliuss.helloci.AppTest" time="0"/>
  <testcase name="whenGetQuotientThenReturnQuotientOTwoParameters" classname="com.github.vitalliuss.helloci.AppTest" time="0.001"/>
  <testcase name="whenGetAmountThenReturnAmountOTwoParameters" classname="com.github.vitalliuss.helloci.AppTest" time="0.001"/>
</testsuite>