<?xml version="1.0" encoding="UTF-8"?>
<testsuite xmlns:xsi="http://www.w3.org/2001/XMLSchema-instance" xsi:noNamespaceSchemaLocation="https://maven.apache.org/surefire/maven-surefire-plugin/xsd/surefire-test-report.xsd" name="com.github.vitalliuss.helloci.AppTest" time="0.467" tests="16" errors="0" skipped="0" failures="4">
  <properties>
    <property name="sun.desktop" value="windows"/>
    <property name="awt.toolkit" value="sun.awt.windows.WToolkit"/>
    <property name="java.specification.version" value="11"/>
    <property name="sun.cpu.isalist" value="amd64"/>
    <property name="sun.jnu.encoding" value="Cp1251"/>
    <property name="java.class.path" value="D:\Univer\3курс\1сем\ТПОиНПО\TPO_Lab05\Java\target\test-classes;D:\Univer\3курс\1сем\ТПОиНПО\TPO_Lab05\Java\target\classes;C:\Users\seva2\.m2\repository\junit\junit\4.13.2\junit-4.13.2.jar;C:\Users\seva2\.m2\repository\org\hamcrest\hamcrest-core\1.3\hamcrest-core-1.3.jar;"/>
    <property name="java.vm.vendor" value="Oracle Corporation"/>
    <property name="sun.arch.data.model" value="64"/>
    <property name="user.variant" value=""/>
    <property name="java.vendor.url" value="https://openjdk.java.net/"/>
    <property name="user.timezone" value="Europe/Moscow"/>
    <property name="java.vm.specification.version" value="11"/>
    <property name="os.name" value="Windows 10"/>
    <property name="sun.java.launcher" value="SUN_STANDARD"/>
    <property name="user.country" value="RU"/>
    <property name="sun.boot.library.path" value="C:\Program Files\Java\jdk-11.0.16.1\bin"/>
    <property name="sun.java.command" value="C:\Users\seva2\AppData\Local\Temp\surefire16132238932845036137\surefirebooter2364014355677051140.jar C:\Users\seva2\AppData\Local\Temp\surefire16132238932845036137 2022-11-07T17-15-24_589-jvmRun1 surefire10779289818681100489tmp surefire_01271111789099751056tmp"/>
    <property name="jdk.debug" value="release"/>
    <property name="surefire.test.class.path" value="D:\Univer\3курс\1сем\ТПОиНПО\TPO_Lab05\Java\target\test-classes;D:\Univer\3курс\1сем\ТПОиНПО\TPO_Lab05\Java\target\classes;C:\Users\seva2\.m2\repository\junit\junit\4.13.2\junit-4.13.2.jar;C:\Users\seva2\.m2\repository\org\hamcrest\hamcrest-core\1.3\hamcrest-core-1.3.jar;"/>
    <property name="sun.cpu.endian" value="little"/>
    <property name="user.home" value="C:\Users\seva2"/>
    <property name="user.language" value="ru"/>
    <property name="java.specification.vendor" value="Oracle Corporation"/>
    <property name="java.version.date" value="2022-08-18"/>
    <property name="java.home" value="C:\Program Files\Java\jdk-11.0.16.1"/>
    <property name="file.separator" value="\"/>
    <property name="basedir" value="D:\Univer\3курс\1сем\ТПОиНПО\TPO_Lab05\Java"/>
    <property name="java.vm.compressedOopsMode" value="Zero based"/>
    <property name="line.separator" value="&#10;"/>
    <property name="java.specification.name" value="Java Platform API Specification"/>
    <property name="java.vm.specification.vendor" value="Oracle Corporation"/>
    <property name="java.awt.graphicsenv" value="sun.awt.Win32GraphicsEnvironment"/>
    <property name="surefire.real.class.path" value="C:\Users\seva2\AppData\Local\Temp\surefire16132238932845036137\surefirebooter2364014355677051140.jar"/>
    <property name="user.script" value=""/>
    <property name="sun.management.compiler" value="HotSpot 64-Bit Tiered Compilers"/>
    <property name="java.runtime.version" value="11.0.16.1+1-LTS-1"/>
    <property name="user.name" value="seva2"/>
    <property name="path.separator" value=";"/>
    <property name="os.version" value="10.0"/>
    <property name="java.runtime.name" value="Java(TM) SE Runtime Environment"/>
    <property name="file.encoding" value="Cp1251"/>
    <property name="java.vm.name" value="Java HotSpot(TM) 64-Bit Server VM"/>
    <property name="java.vendor.version" value="18.9"/>
    <property name="localRepository" value="C:\Users\seva2\.m2\repository"/>
    <property name="java.vendor.url.bug" value="https://bugreport.java.com/bugreport/"/>
    <property name="java.io.tmpdir" value="C:\Users\seva2\AppData\Local\Temp\"/>
    <property name="java.version" value="11.0.16.1"/>
    <property name="user.dir" value="D:\Univer\3курс\1сем\ТПОиНПО\TPO_Lab05\Java"/>
    <property name="os.arch" value="amd64"/>
    <property name="java.vm.specification.name" value="Java Virtual Machine Specification"/>
    <property name="java.awt.printerjob" value="sun.awt.windows.WPrinterJob"/>
    <property name="sun.os.patch.level" value=""/>
    <property name="java.library.path" value="C:\Program Files\Java\jdk-11.0.16.1\bin;C:\Windows\Sun\Java\bin;C:\Windows\system32;C:\Windows;C:\Windows\system32;C:\Windows;C:\Windows\System32\Wbem;C:\Windows\System32\WindowsPowerShell\v1.0\;C:\Windows\System32\OpenSSH\;C:\Program Files\Microsoft SQL Server\150\Tools\Binn\;C:\Program Files\Microsoft SQL Server\Client SDK\ODBC\170\Tools\Binn\;C:\Program Files\dotnet\;C:\Program Files\nodejs\;C:\Program Files (x86)\Microsoft SQL Server\150\Tools\Binn\;C:\Program Files\Microsoft SQL Server\150\DTS\Binn\;C:\Program Files (x86)\Microsoft SQL Server\150\DTS\Binn\;C:\Program Files\Azure Data Studio\bin;D:\Soft\GitBash\Git\cmd;C:\Program Files\Docker\Docker\resources\bin;C:\ProgramData\DockerDesktop\version-bin;C:\apache-maven-3.8.6-bin\apache-maven-3.8.6\bin;C:\Program Files\Java\jdk-11.0.16.1\bin;C:\Users\seva2\AppData\Local\Programs\Python\Python311;C:\Users\seva2\AppData\Local\Microsoft\WindowsApps;D:\JetBrainsPrograms\WebStorm\WebStorm 2022.2.1\bin;;D:\JetBrainsPrograms\IDEA\IntelliJ IDEA 2022.2.1\bin;;D:\JetBrainsPrograms\DataGrip\DataGrip 2022.2.1\bin;;C:\Users\seva2\.dotnet\tools;C:\Users\seva2\AppData\Roaming\npm;C:\Program Files\Azure Data Studio\bin;D:\JetBrainsPrograms\Rider\JetBrains Rider 2022.2.3\bin;;C:\apache-maven-3.8.6-bin\apache-maven-3.8.6\bin;;."/>
    <property name="java.vendor" value="Oracle Corporation"/>
    <property name="java.vm.info" value="mixed mode"/>
    <property name="java.vm.version" value="11.0.16.1+1-LTS-1"/>
    <property name="sun.io.unicode.encoding" value="UnicodeLittle"/>
    <property name="java.class.version" value="55.0"/>
  </properties>
  <testcase name="whenGetLnThenReturnLnOfParameter" classname="com.github.vitalliuss.helloci.AppTest" time="0.018"/>
  <testcase name="whenGetProductThenReturnProductOTwoParameters" classname="com.github.vitalliuss.helloci.AppTest" time="0"/>
  <testcase name="whenGetQuotientThenThrowException" classname="com.github.vitalliuss.helloci.AppTest" time="0"/>
  <testcase name="whenGetTanThenReturnTanOfParameter" classname="com.github.vitalliuss.helloci.AppTest" time="0.007"/>
  <testcase name="whenGetArcsinThenReturnArcsinOfParameter" classname="com.github.vitalliuss.helloci.AppTest" time="0.167"/>
  <testcase name="whenGetCosThenReturnCosOfParameter" classname="com.github.vitalliuss.helloci.AppTest" time="0.017">
    <failure message="expected:&lt;0.0&gt; but was:&lt;-0.4480736161291701&gt;" type="java.lang.AssertionError"><![CDATA[java.lang.AssertionError: expected:<0.0> but was:<-0.4480736161291701>
	at com.github.vitalliuss.helloci.AppTest.whenGetCosThenReturnCosOfParameter(AppTest.java:66)
]]></failure>
  </testcase>
  <testcase name="whenGetDifferenceThenReturnDifferenceOTwoParameters" classname="com.github.vitalliuss.helloci.AppTest" time="0"/>
  <testcase name="whenGetRemainderThenReturnRemainderOTwoParameters" classname="com.github.vitalliuss.helloci.AppTest" time="0"/>
  <testcase name="whenGetArctanThenReturnArctanOfParameter" classname="com.github.vitalliuss.helloci.AppTest" time="0.001"/>
  <testcase name="whenGetCtgThenReturnCtgOfParameter" classname="com.github.vitalliuss.helloci.AppTest" time="0.002">
    <failure message="expected:&lt;0.0&gt; but was:&lt;-0.5012027833801532&gt;" type="java.lang.AssertionError"><![CDATA[java.lang.AssertionError: expected:<0.0> but was:<-0.5012027833801532>
	at com.github.vitalliuss.helloci.AppTest.whenGetCtgThenReturnCtgOfParameter(AppTest.java:72)
]]></failure>
  </testcase>
  <testcase name="whenGetQuotientThenReturnQuotientOTwoParameters" classname="com.github.vitalliuss.helloci.AppTest" time="0"/>
  <testcase name="whenGetArccosThenReturnArccosOfParameter" classname="com.github.vitalliuss.helloci.AppTest" time="0"/>
  <testcase name="whenGetSinThenReturnSinOfParameter" classname="com.github.vitalliuss.helloci.AppTest" time="0.003">
    <failure message="expected:&lt;1.0&gt; but was:&lt;0.8939966636005579&gt;" type="java.lang.AssertionError"><![CDATA[java.lang.AssertionError: expected:<1.0> but was:<0.8939966636005579>
	at com.github.vitalliuss.helloci.AppTest.whenGetSinThenReturnSinOfParameter(AppTest.java:60)
]]></failure>
  </testcase>
  <testcase name="whenGetLogThenReturnLogOfParameter" classname="com.github.vitalliuss.helloci.AppTest" time="0.006"/>
  <testcase name="whenGetAmountThenReturnAmountOTwoParameters" classname="com.github.vitalliuss.helloci.AppTest" time="0"/>
  <testcase name="whenGetArccotanThenReturnArccotanOfParameter" classname="com.github.vitalliuss.helloci.AppTest" time="0.007">
    <failure message="expected:&lt;0.7853981633974483&gt; but was:&lt;1.2732395447351628&gt;" type="java.lang.AssertionError"><![CDATA[java.lang.AssertionError: expected:<0.7853981633974483> but was:<1.2732395447351628>
	at com.github.vitalliuss.helloci.AppTest.whenGetArccotanThenReturnArccotanOfParameter(AppTest.java:96)
]]></failure>
  </testcase>
</testsuite>